<?xml version="1.0" encoding="UTF-8"?>
<robot generator="Robot 7.4.1 (Python 3.13.5 on win32)" generated="2026-02-06T09:11:30.604862" rpa="false" schemaversion="5">
<suite id="s1" name="Robot Framework test" source="C:\Users\TothMarcel\Documents\GitHub\Robot_Framework_test">
<suite id="s1-s1" name="SauceDemoLogin" source="C:\Users\TothMarcel\Documents\GitHub\Robot_Framework_test\SauceDemoLogin.robot">
<test id="s1-s1-t1" name="Login with standard user" line="5">
<kw name="Open Browser" owner="Selenium2Library">
<msg time="2026-02-06T09:11:30.781413" level="INFO">Opening browser 'firefox' to base url 'https://www.saucedemo.com/'.</msg>
<arg>https://www.saucedemo.com/</arg>
<arg>firefox</arg>
<doc>Opens a new browser instance to the optional ``url``.</doc>
<status status="PASS" start="2026-02-06T09:11:30.780935" elapsed="5.582748"/>
</kw>
<kw name="Input Text" owner="Selenium2Library">
<msg time="2026-02-06T09:11:36.364386" level="INFO">Typing text 'standard_user' into text field '//*[@id="user-name"]'.</msg>
<arg>//*[@id="user-name"]</arg>
<arg>standard_user</arg>
<doc>Types the given ``text`` into the text field identified by ``locator``.</doc>
<status status="PASS" start="2026-02-06T09:11:36.364016" elapsed="0.049654"/>
</kw>
<kw name="Input Password" owner="Selenium2Library">
<msg time="2026-02-06T09:11:36.414195" level="INFO">Typing password into text field '//*[@id="password"]'.</msg>
<msg time="2026-02-06T09:11:36.418400" level="INFO">Temporally setting log level to: NONE</msg>
<arg>//*[@id="password"]</arg>
<arg>secret_sauce</arg>
<doc>Types the given password into the text field identified by ``locator``.</doc>
<status status="PASS" start="2026-02-06T09:11:36.413941" elapsed="0.016908"/>
</kw>
<kw name="Click Button" owner="Selenium2Library">
<msg time="2026-02-06T09:11:36.431358" level="INFO">Clicking button '//*[@id="login-button"]'.</msg>
<arg>//*[@id="login-button"]</arg>
<doc>Clicks the button identified by ``locator``.</doc>
<status status="PASS" start="2026-02-06T09:11:36.431112" elapsed="0.086170"/>
</kw>
<kw name="Page Should Contain Element" owner="Selenium2Library">
<msg time="2026-02-06T09:11:36.520416" level="INFO">Current page contains element '//*[@id="shopping_cart_container"]/a'.</msg>
<arg>//*[@id="shopping_cart_container"]/a</arg>
<doc>Verifies that element ``locator`` is found on the current page.</doc>
<status status="PASS" start="2026-02-06T09:11:36.517611" elapsed="0.003280"/>
</kw>
<kw name="Close Browser" owner="Selenium2Library">
<doc>Closes the current browser.</doc>
<status status="PASS" start="2026-02-06T09:11:36.521492" elapsed="2.657215"/>
</kw>
<status status="PASS" start="2026-02-06T09:11:30.776399" elapsed="8.402741"/>
</test>
<test id="s1-s1-t2" name="login with standard_user wrong password" line="13">
<kw name="Open Browser" owner="Selenium2Library">
<msg time="2026-02-06T09:11:39.189710" level="INFO">Opening browser 'firefox' to base url 'https://www.saucedemo.com/'.</msg>
<arg>https://www.saucedemo.com/</arg>
<arg>firefox</arg>
<doc>Opens a new browser instance to the optional ``url``.</doc>
<status status="PASS" start="2026-02-06T09:11:39.189453" elapsed="5.648533"/>
</kw>
<kw name="Input Text" owner="Selenium2Library">
<msg time="2026-02-06T09:11:44.838556" level="INFO">Typing text 'standard_user' into text field '//*[@id="user-name"]'.</msg>
<arg>//*[@id="user-name"]</arg>
<arg>standard_user</arg>
<doc>Types the given ``text`` into the text field identified by ``locator``.</doc>
<status status="PASS" start="2026-02-06T09:11:44.838278" elapsed="0.044928"/>
</kw>
<kw name="Input Password" owner="Selenium2Library">
<msg time="2026-02-06T09:11:44.883804" level="INFO">Typing password into text field '//*[@id="password"]'.</msg>
<msg time="2026-02-06T09:11:44.888624" level="INFO">Temporally setting log level to: NONE</msg>
<arg>//*[@id="password"]</arg>
<arg>secret_saucee</arg>
<doc>Types the given password into the text field identified by ``locator``.</doc>
<status status="PASS" start="2026-02-06T09:11:44.883454" elapsed="0.015805"/>
</kw>
<kw name="Click Button" owner="Selenium2Library">
<msg time="2026-02-06T09:11:44.899850" level="INFO">Clicking button '//*[@id="login-button"]'.</msg>
<arg>//*[@id="login-button"]</arg>
<doc>Clicks the button identified by ``locator``.</doc>
<status status="PASS" start="2026-02-06T09:11:44.899589" elapsed="0.068496"/>
</kw>
<kw name="Page Should Contain Element" owner="Selenium2Library">
<msg time="2026-02-06T09:11:44.990341" level="INFO" html="true">&lt;/td&gt;&lt;/tr&gt;&lt;tr&gt;&lt;td colspan="3"&gt;&lt;a href="selenium-screenshot-4.png"&gt;&lt;img src="selenium-screenshot-4.png" width="800px"&gt;&lt;/a&gt;</msg>
<msg time="2026-02-06T09:11:44.990695" level="FAIL">Page should have contained element '//*[@id="shopping_cart_container"]/a' but did not.</msg>
<arg>//*[@id="shopping_cart_container"]/a</arg>
<doc>Verifies that element ``locator`` is found on the current page.</doc>
<status status="FAIL" start="2026-02-06T09:11:44.968388" elapsed="0.027666">Page should have contained element '//*[@id="shopping_cart_container"]/a' but did not.</status>
</kw>
<kw name="Close Browser" owner="Selenium2Library">
<doc>Closes the current browser.</doc>
<status status="NOT RUN" start="2026-02-06T09:11:44.996313" elapsed="0.000104"/>
</kw>
<status status="FAIL" start="2026-02-06T09:11:39.183487" elapsed="5.813125">Page should have contained element '//*[@id="shopping_cart_container"]/a' but did not.</status>
</test>
<test id="s1-s1-t3" name="login with wrong username and valid password" line="21">
<kw name="Open Browser" owner="Selenium2Library">
<msg time="2026-02-06T09:11:45.008799" level="INFO">Opening browser 'firefox' to base url 'https://www.saucedemo.com/'.</msg>
<arg>https://www.saucedemo.com/</arg>
<arg>firefox</arg>
<doc>Opens a new browser instance to the optional ``url``.</doc>
<status status="PASS" start="2026-02-06T09:11:45.008528" elapsed="5.451566"/>
</kw>
<kw name="Input Text" owner="Selenium2Library">
<msg time="2026-02-06T09:11:50.460721" level="INFO">Typing text 'standard_userr' into text field '//*[@id="user-name"]'.</msg>
<arg>//*[@id="user-name"]</arg>
<arg>standard_userr</arg>
<doc>Types the given ``text`` into the text field identified by ``locator``.</doc>
<status status="PASS" start="2026-02-06T09:11:50.460478" elapsed="0.049156"/>
</kw>
<kw name="Input Password" owner="Selenium2Library">
<msg time="2026-02-06T09:11:50.510320" level="INFO">Typing password into text field '//*[@id="password"]'.</msg>
<msg time="2026-02-06T09:11:50.545425" level="INFO">Temporally setting log level to: NONE</msg>
<arg>//*[@id="password"]</arg>
<arg>secret_sauce</arg>
<doc>Types the given password into the text field identified by ``locator``.</doc>
<status status="PASS" start="2026-02-06T09:11:50.510065" elapsed="0.047731"/>
</kw>
<kw name="Click Button" owner="Selenium2Library">
<msg time="2026-02-06T09:11:50.558647" level="INFO">Clicking button '//*[@id="login-button"]'.</msg>
<arg>//*[@id="login-button"]</arg>
<doc>Clicks the button identified by ``locator``.</doc>
<status status="PASS" start="2026-02-06T09:11:50.558180" elapsed="0.076135"/>
</kw>
<kw name="Page Should Contain Element" owner="Selenium2Library">
<msg time="2026-02-06T09:11:50.655345" level="INFO" html="true">&lt;/td&gt;&lt;/tr&gt;&lt;tr&gt;&lt;td colspan="3"&gt;&lt;a href="selenium-screenshot-5.png"&gt;&lt;img src="selenium-screenshot-5.png" width="800px"&gt;&lt;/a&gt;</msg>
<msg time="2026-02-06T09:11:50.655645" level="FAIL">Page should have contained element '//*[@id="shopping_cart_container"]/a' but did not.</msg>
<arg>//*[@id="shopping_cart_container"]/a</arg>
<doc>Verifies that element ``locator`` is found on the current page.</doc>
<status status="FAIL" start="2026-02-06T09:11:50.634791" elapsed="0.024834">Page should have contained element '//*[@id="shopping_cart_container"]/a' but did not.</status>
</kw>
<kw name="Close Browser" owner="Selenium2Library">
<doc>Closes the current browser.</doc>
<status status="NOT RUN" start="2026-02-06T09:11:50.659879" elapsed="0.000095"/>
</kw>
<status status="FAIL" start="2026-02-06T09:11:45.001518" elapsed="5.658733">Page should have contained element '//*[@id="shopping_cart_container"]/a' but did not.</status>
</test>
<test id="s1-s1-t4" name="login without username" line="29">
<kw name="Open Browser" owner="Selenium2Library">
<msg time="2026-02-06T09:11:50.665655" level="INFO">Opening browser 'firefox' to base url 'https://www.saucedemo.com/'.</msg>
<arg>https://www.saucedemo.com/</arg>
<arg>firefox</arg>
<doc>Opens a new browser instance to the optional ``url``.</doc>
<status status="PASS" start="2026-02-06T09:11:50.665422" elapsed="5.442086"/>
</kw>
<kw name="Input Password" owner="Selenium2Library">
<msg time="2026-02-06T09:11:56.108058" level="INFO">Typing password into text field '//*[@id="password"]'.</msg>
<msg time="2026-02-06T09:11:56.124293" level="INFO">Temporally setting log level to: NONE</msg>
<arg>//*[@id="password"]</arg>
<arg>secret_sauce</arg>
<doc>Types the given password into the text field identified by ``locator``.</doc>
<status status="PASS" start="2026-02-06T09:11:56.107788" elapsed="0.041327"/>
</kw>
<kw name="Click Button" owner="Selenium2Library">
<msg time="2026-02-06T09:11:56.149982" level="INFO">Clicking button '//*[@id="login-button"]'.</msg>
<arg>//*[@id="login-button"]</arg>
<doc>Clicks the button identified by ``locator``.</doc>
<status status="PASS" start="2026-02-06T09:11:56.149533" elapsed="0.078204"/>
</kw>
<kw name="Page Should Contain Element" owner="Selenium2Library">
<msg time="2026-02-06T09:11:56.249034" level="INFO" html="true">&lt;/td&gt;&lt;/tr&gt;&lt;tr&gt;&lt;td colspan="3"&gt;&lt;a href="selenium-screenshot-6.png"&gt;&lt;img src="selenium-screenshot-6.png" width="800px"&gt;&lt;/a&gt;</msg>
<msg time="2026-02-06T09:11:56.249364" level="FAIL">Page should have contained element '//*[@id="shopping_cart_container"]/a' but did not.</msg>
<arg>//*[@id="shopping_cart_container"]/a</arg>
<doc>Verifies that element ``locator`` is found on the current page.</doc>
<status status="FAIL" start="2026-02-06T09:11:56.228161" elapsed="0.027777">Page should have contained element '//*[@id="shopping_cart_container"]/a' but did not.</status>
</kw>
<kw name="Close Browser" owner="Selenium2Library">
<doc>Closes the current browser.</doc>
<status status="NOT RUN" start="2026-02-06T09:11:56.256186" elapsed="0.000100"/>
</kw>
<status status="FAIL" start="2026-02-06T09:11:50.663623" elapsed="5.592836">Page should have contained element '//*[@id="shopping_cart_container"]/a' but did not.</status>
</test>
<test id="s1-s1-t5" name="Login without password" line="36">
<kw name="Open Browser" owner="Selenium2Library">
<msg time="2026-02-06T09:11:56.261863" level="INFO">Opening browser 'firefox' to base url 'https://www.saucedemo.com/'.</msg>
<arg>https://www.saucedemo.com/</arg>
<arg>firefox</arg>
<doc>Opens a new browser instance to the optional ``url``.</doc>
<status status="PASS" start="2026-02-06T09:11:56.261631" elapsed="5.509291"/>
</kw>
<kw name="Input Text" owner="Selenium2Library">
<msg time="2026-02-06T09:12:01.771542" level="INFO">Typing text 'standard_user' into text field '//*[@id="user-name"]'.</msg>
<arg>//*[@id="user-name"]</arg>
<arg>standard_user</arg>
<doc>Types the given ``text`` into the text field identified by ``locator``.</doc>
<status status="PASS" start="2026-02-06T09:12:01.771271" elapsed="0.045284"/>
</kw>
<kw name="Click Button" owner="Selenium2Library">
<msg time="2026-02-06T09:12:01.817445" level="INFO">Clicking button '//*[@id="login-button"]'.</msg>
<arg>//*[@id="login-button"]</arg>
<doc>Clicks the button identified by ``locator``.</doc>
<status status="PASS" start="2026-02-06T09:12:01.817099" elapsed="0.069840"/>
</kw>
<kw name="Page Should Contain Element" owner="Selenium2Library">
<msg time="2026-02-06T09:12:01.916547" level="INFO" html="true">&lt;/td&gt;&lt;/tr&gt;&lt;tr&gt;&lt;td colspan="3"&gt;&lt;a href="selenium-screenshot-7.png"&gt;&lt;img src="selenium-screenshot-7.png" width="800px"&gt;&lt;/a&gt;</msg>
<msg time="2026-02-06T09:12:01.917073" level="FAIL">Page should have contained element '//*[@id="shopping_cart_container"]/a' but did not.</msg>
<arg>//*[@id="shopping_cart_container"]/a</arg>
<doc>Verifies that element ``locator`` is found on the current page.</doc>
<status status="FAIL" start="2026-02-06T09:12:01.887328" elapsed="0.035518">Page should have contained element '//*[@id="shopping_cart_container"]/a' but did not.</status>
</kw>
<kw name="Close Browser" owner="Selenium2Library">
<doc>Closes the current browser.</doc>
<status status="NOT RUN" start="2026-02-06T09:12:01.923198" elapsed="0.000156"/>
</kw>
<status status="FAIL" start="2026-02-06T09:11:56.259785" elapsed="5.663837">Page should have contained element '//*[@id="shopping_cart_container"]/a' but did not.</status>
</test>
<status status="FAIL" start="2026-02-06T09:11:30.634081" elapsed="31.294406"/>
</suite>
<status status="FAIL" start="2026-02-06T09:11:30.608450" elapsed="31.322269"/>
</suite>
<statistics>
<total>
<stat pass="1" fail="4" skip="0">All Tests</stat>
</total>
<tag>
</tag>
<suite>
<stat name="Robot Framework test" id="s1" pass="1" fail="4" skip="0">Robot Framework test</stat>
<stat name="SauceDemoLogin" id="s1-s1" pass="1" fail="4" skip="0">Robot Framework test.SauceDemoLogin</stat>
</suite>
</statistics>
<errors>
</errors>
</robot>
