<?xml version="1.0" encoding="UTF-8"?>
<robot generator="Robot 7.4.1 (Python 3.13.5 on win32)" generated="2026-02-20T09:28:19.251144" rpa="false" schemaversion="5">
<suite id="s1" name="Robot Framework test" source="C:\Users\TothMarcel\Documents\GitHub\Robot_Framework_test">
<suite id="s1-s1" name="Cart" source="C:\Users\TothMarcel\Documents\GitHub\Robot_Framework_test\cart.robot">
<test id="s1-s1-t1" name="Add multiple products" line="12">
<kw name="Login to SauceDemo">
<kw name="Open Browser" owner="Selenium2Library">
<msg time="2026-02-20T09:28:19.423625" level="INFO">Opening browser 'firefox' to base url 'https://www.saucedemo.com/'.</msg>
<arg>https://www.saucedemo.com/</arg>
<arg>firefox</arg>
<doc>Opens a new browser instance to the optional ``url``.</doc>
<status status="PASS" start="2026-02-20T09:28:19.423373" elapsed="5.581555"/>
</kw>
<kw name="Input Text" owner="Selenium2Library">
<msg time="2026-02-20T09:28:25.005537" level="INFO">Typing text 'standard_user' into text field '//*[@id="user-name"]'.</msg>
<arg>//*[@id="user-name"]</arg>
<arg>standard_user</arg>
<doc>Types the given ``text`` into the text field identified by ``locator``.</doc>
<status status="PASS" start="2026-02-20T09:28:25.005151" elapsed="0.070959"/>
</kw>
<kw name="Input Password" owner="Selenium2Library">
<msg time="2026-02-20T09:28:25.076698" level="INFO">Typing password into text field '//*[@id="password"]'.</msg>
<msg time="2026-02-20T09:28:25.081812" level="INFO">Temporally setting log level to: NONE</msg>
<arg>//*[@id="password"]</arg>
<arg>secret_sauce</arg>
<doc>Types the given password into the text field identified by ``locator``.</doc>
<status status="PASS" start="2026-02-20T09:28:25.076353" elapsed="0.017214"/>
</kw>
<kw name="Click Button" owner="Selenium2Library">
<msg time="2026-02-20T09:28:25.093967" level="INFO">Clicking button '//*[@id="login-button"]'.</msg>
<arg>//*[@id="login-button"]</arg>
<doc>Clicks the button identified by ``locator``.</doc>
<status status="PASS" start="2026-02-20T09:28:25.093728" elapsed="0.088539"/>
</kw>
<status status="PASS" start="2026-02-20T09:28:19.422774" elapsed="5.759698"/>
</kw>
<kw name="Sleep" owner="BuiltIn">
<msg time="2026-02-20T09:28:28.184231" level="INFO">Slept 3 seconds.</msg>
<arg>3s</arg>
<doc>Pauses the test executed for the given time.</doc>
<status status="PASS" start="2026-02-20T09:28:25.182835" elapsed="3.002792"/>
</kw>
<kw name="Click Button" owner="Selenium2Library">
<msg time="2026-02-20T09:28:28.190756" level="INFO">Clicking button '//*[@id="add-to-cart-sauce-labs-bolt-t-shirt"]'.</msg>
<arg>//*[@id="add-to-cart-sauce-labs-bolt-t-shirt"]</arg>
<doc>Clicks the button identified by ``locator``.</doc>
<status status="PASS" start="2026-02-20T09:28:28.188704" elapsed="0.078806"/>
</kw>
<kw name="Sleep" owner="BuiltIn">
<msg time="2026-02-20T09:28:29.270716" level="INFO">Slept 1 second.</msg>
<arg>1s</arg>
<doc>Pauses the test executed for the given time.</doc>
<status status="PASS" start="2026-02-20T09:28:28.268879" elapsed="1.003226"/>
</kw>
<kw name="Click Button" owner="Selenium2Library">
<msg time="2026-02-20T09:28:29.275525" level="INFO">Clicking button '//*[@id="add-to-cart-sauce-labs-fleece-jacket"]'.</msg>
<arg>//*[@id="add-to-cart-sauce-labs-fleece-jacket"]</arg>
<doc>Clicks the button identified by ``locator``.</doc>
<status status="PASS" start="2026-02-20T09:28:29.274207" elapsed="0.076246"/>
</kw>
<kw name="Sleep" owner="BuiltIn">
<msg time="2026-02-20T09:28:30.352361" level="INFO">Slept 1 second.</msg>
<arg>1s</arg>
<doc>Pauses the test executed for the given time.</doc>
<status status="PASS" start="2026-02-20T09:28:29.350977" elapsed="1.002265"/>
</kw>
<kw name="Close Browser" owner="Selenium2Library">
<doc>Closes the current browser.</doc>
<status status="PASS" start="2026-02-20T09:28:30.354674" elapsed="2.658406"/>
</kw>
<status status="PASS" start="2026-02-20T09:28:19.420890" elapsed="13.592527"/>
</test>
<test id="s1-s1-t2" name="Remove products from the shopping cart" line="21">
<kw name="Login to SauceDemo">
<kw name="Open Browser" owner="Selenium2Library">
<msg time="2026-02-20T09:28:33.019018" level="INFO">Opening browser 'firefox' to base url 'https://www.saucedemo.com/'.</msg>
<arg>https://www.saucedemo.com/</arg>
<arg>firefox</arg>
<doc>Opens a new browser instance to the optional ``url``.</doc>
<status status="PASS" start="2026-02-20T09:28:33.018819" elapsed="5.625242"/>
</kw>
<kw name="Input Text" owner="Selenium2Library">
<msg time="2026-02-20T09:28:38.644492" level="INFO">Typing text 'standard_user' into text field '//*[@id="user-name"]'.</msg>
<arg>//*[@id="user-name"]</arg>
<arg>standard_user</arg>
<doc>Types the given ``text`` into the text field identified by ``locator``.</doc>
<status status="PASS" start="2026-02-20T09:28:38.644237" elapsed="0.046560"/>
</kw>
<kw name="Input Password" owner="Selenium2Library">
<msg time="2026-02-20T09:28:38.691244" level="INFO">Typing password into text field '//*[@id="password"]'.</msg>
<msg time="2026-02-20T09:28:38.694752" level="INFO">Temporally setting log level to: NONE</msg>
<arg>//*[@id="password"]</arg>
<arg>secret_sauce</arg>
<doc>Types the given password into the text field identified by ``locator``.</doc>
<status status="PASS" start="2026-02-20T09:28:38.690983" elapsed="0.015985"/>
</kw>
<kw name="Click Button" owner="Selenium2Library">
<msg time="2026-02-20T09:28:38.707358" level="INFO">Clicking button '//*[@id="login-button"]'.</msg>
<arg>//*[@id="login-button"]</arg>
<doc>Clicks the button identified by ``locator``.</doc>
<status status="PASS" start="2026-02-20T09:28:38.707129" elapsed="0.091455"/>
</kw>
<status status="PASS" start="2026-02-20T09:28:33.018532" elapsed="5.780186"/>
</kw>
<kw name="Sleep" owner="BuiltIn">
<msg time="2026-02-20T09:28:41.799943" level="INFO">Slept 3 seconds.</msg>
<arg>3s</arg>
<doc>Pauses the test executed for the given time.</doc>
<status status="PASS" start="2026-02-20T09:28:38.798995" elapsed="3.002140"/>
</kw>
<kw name="Click Button" owner="Selenium2Library">
<msg time="2026-02-20T09:28:41.805323" level="INFO">Clicking button '//*[@id="add-to-cart-sauce-labs-bolt-t-shirt"]'.</msg>
<arg>//*[@id="add-to-cart-sauce-labs-bolt-t-shirt"]</arg>
<doc>Clicks the button identified by ``locator``.</doc>
<status status="PASS" start="2026-02-20T09:28:41.803317" elapsed="0.083718"/>
</kw>
<kw name="Sleep" owner="BuiltIn">
<msg time="2026-02-20T09:28:42.888661" level="INFO">Slept 1 second.</msg>
<arg>1s</arg>
<doc>Pauses the test executed for the given time.</doc>
<status status="PASS" start="2026-02-20T09:28:41.887522" elapsed="1.002777"/>
</kw>
<kw name="Click Button" owner="Selenium2Library">
<msg time="2026-02-20T09:28:42.893525" level="INFO">Clicking button '//*[@id="add-to-cart-sauce-labs-fleece-jacket"]'.</msg>
<arg>//*[@id="add-to-cart-sauce-labs-fleece-jacket"]</arg>
<doc>Clicks the button identified by ``locator``.</doc>
<status status="PASS" start="2026-02-20T09:28:42.892150" elapsed="0.077434"/>
</kw>
<kw name="Sleep" owner="BuiltIn">
<msg time="2026-02-20T09:28:43.973777" level="INFO">Slept 1 second.</msg>
<arg>1s</arg>
<doc>Pauses the test executed for the given time.</doc>
<status status="PASS" start="2026-02-20T09:28:42.971692" elapsed="1.003218"/>
</kw>
<kw name="Click Button" owner="Selenium2Library">
<msg time="2026-02-20T09:28:43.978830" level="INFO">Clicking button '//*[@id="remove-sauce-labs-bolt-t-shirt"]'.</msg>
<arg>//*[@id="remove-sauce-labs-bolt-t-shirt"]</arg>
<doc>Clicks the button identified by ``locator``.</doc>
<status status="PASS" start="2026-02-20T09:28:43.977144" elapsed="0.089694"/>
</kw>
<kw name="Sleep" owner="BuiltIn">
<msg time="2026-02-20T09:28:45.068522" level="INFO">Slept 1 second.</msg>
<arg>1s</arg>
<doc>Pauses the test executed for the given time.</doc>
<status status="PASS" start="2026-02-20T09:28:44.067402" elapsed="1.002808"/>
</kw>
<kw name="Click Button" owner="Selenium2Library">
<msg time="2026-02-20T09:28:45.073255" level="INFO">Clicking button '//*[@id="remove-sauce-labs-fleece-jacket"]'.</msg>
<arg>//*[@id="remove-sauce-labs-fleece-jacket"]</arg>
<doc>Clicks the button identified by ``locator``.</doc>
<status status="PASS" start="2026-02-20T09:28:45.072184" elapsed="0.081386"/>
</kw>
<kw name="Sleep" owner="BuiltIn">
<msg time="2026-02-20T09:28:46.156881" level="INFO">Slept 1 second.</msg>
<arg>1s</arg>
<doc>Pauses the test executed for the given time.</doc>
<status status="PASS" start="2026-02-20T09:28:45.155298" elapsed="1.002349"/>
</kw>
<kw name="Close Browser" owner="Selenium2Library">
<doc>Closes the current browser.</doc>
<status status="PASS" start="2026-02-20T09:28:46.158662" elapsed="2.658376"/>
</kw>
<status status="PASS" start="2026-02-20T09:28:33.016692" elapsed="15.801113"/>
</test>
<test id="s1-s1-t3" name="Check the contents of the shopping cart" line="34">
<kw name="Login to SauceDemo">
<kw name="Open Browser" owner="Selenium2Library">
<msg time="2026-02-20T09:28:48.823304" level="INFO">Opening browser 'firefox' to base url 'https://www.saucedemo.com/'.</msg>
<arg>https://www.saucedemo.com/</arg>
<arg>firefox</arg>
<doc>Opens a new browser instance to the optional ``url``.</doc>
<status status="PASS" start="2026-02-20T09:28:48.823053" elapsed="5.465464"/>
</kw>
<kw name="Input Text" owner="Selenium2Library">
<msg time="2026-02-20T09:28:54.288930" level="INFO">Typing text 'standard_user' into text field '//*[@id="user-name"]'.</msg>
<arg>//*[@id="user-name"]</arg>
<arg>standard_user</arg>
<doc>Types the given ``text`` into the text field identified by ``locator``.</doc>
<status status="PASS" start="2026-02-20T09:28:54.288683" elapsed="0.047345"/>
</kw>
<kw name="Input Password" owner="Selenium2Library">
<msg time="2026-02-20T09:28:54.336445" level="INFO">Typing password into text field '//*[@id="password"]'.</msg>
<msg time="2026-02-20T09:28:54.339740" level="INFO">Temporally setting log level to: NONE</msg>
<arg>//*[@id="password"]</arg>
<arg>secret_sauce</arg>
<doc>Types the given password into the text field identified by ``locator``.</doc>
<status status="PASS" start="2026-02-20T09:28:54.336191" elapsed="0.014867"/>
</kw>
<kw name="Click Button" owner="Selenium2Library">
<msg time="2026-02-20T09:28:54.351469" level="INFO">Clicking button '//*[@id="login-button"]'.</msg>
<arg>//*[@id="login-button"]</arg>
<doc>Clicks the button identified by ``locator``.</doc>
<status status="PASS" start="2026-02-20T09:28:54.351223" elapsed="0.081674"/>
</kw>
<status status="PASS" start="2026-02-20T09:28:48.822766" elapsed="5.610334"/>
</kw>
<kw name="Sleep" owner="BuiltIn">
<msg time="2026-02-20T09:28:57.434408" level="INFO">Slept 3 seconds.</msg>
<arg>3s</arg>
<doc>Pauses the test executed for the given time.</doc>
<status status="PASS" start="2026-02-20T09:28:54.433425" elapsed="3.002037"/>
</kw>
<kw name="Get Element Count" owner="Selenium2Library">
<msg time="2026-02-20T09:28:57.445292" level="INFO">${item_count} = 0</msg>
<var>${item_count}</var>
<arg>//*[@class="cart-item"]</arg>
<doc>Returns the number of elements matching ``locator``.</doc>
<status status="PASS" start="2026-02-20T09:28:57.437053" elapsed="0.008554"/>
</kw>
<kw name="Should Be Equal As Numbers" owner="BuiltIn">
<msg time="2026-02-20T09:28:57.446910" level="INFO">Argument types are:
&lt;class 'int'&gt;
&lt;class 'str'&gt;</msg>
<msg time="2026-02-20T09:28:57.447315" level="FAIL">0.0 != 1.0</msg>
<arg>${item_count}</arg>
<arg>1</arg>
<doc>Fails if objects are unequal after converting them to real numbers.</doc>
<status status="FAIL" start="2026-02-20T09:28:57.446198" elapsed="0.005785">0.0 != 1.0</status>
</kw>
<kw name="Close Browser" owner="Selenium2Library">
<doc>Closes the current browser.</doc>
<status status="NOT RUN" start="2026-02-20T09:28:57.452267" elapsed="0.000131"/>
</kw>
<status status="FAIL" start="2026-02-20T09:28:48.820737" elapsed="8.631865">0.0 != 1.0</status>
</test>
<status status="FAIL" start="2026-02-20T09:28:19.277901" elapsed="38.178656"/>
</suite>
<status status="FAIL" start="2026-02-20T09:28:19.254794" elapsed="38.203719"/>
</suite>
<statistics>
<total>
<stat pass="2" fail="1" skip="0">All Tests</stat>
</total>
<tag>
</tag>
<suite>
<stat name="Robot Framework test" id="s1" pass="2" fail="1" skip="0">Robot Framework test</stat>
<stat name="Cart" id="s1-s1" pass="2" fail="1" skip="0">Robot Framework test.Cart</stat>
</suite>
</statistics>
<errors>
</errors>
</robot>
