<?xml version="1.0" encoding="UTF-8"?>
<robot generator="Robot 7.4.1 (Python 3.13.5 on win32)" generated="2026-02-20T08:33:01.983638" rpa="false" schemaversion="5">
<suite id="s1" name="Robot Framework test" source="C:\Users\TothMarcel\Documents\GitHub\Robot_Framework_test">
<suite id="s1-s1" name="Cart" source="C:\Users\TothMarcel\Documents\GitHub\Robot_Framework_test\cart.robot">
<test id="s1-s1-t1" name="Shopping cart functionality" line="5">
<kw name="Open Browser" owner="Selenium2Library">
<msg time="2026-02-20T08:33:02.156866" level="INFO">Opening browser 'firefox' to base url 'https://www.saucedemo.com/'.</msg>
<arg>https://www.saucedemo.com/</arg>
<arg>firefox</arg>
<doc>Opens a new browser instance to the optional ``url``.</doc>
<status status="PASS" start="2026-02-20T08:33:02.156535" elapsed="5.525176"/>
</kw>
<kw name="Input Text" owner="Selenium2Library">
<msg time="2026-02-20T08:33:07.682637" level="INFO">Typing text 'standard_user' into text field '//*[@id="user-name"]'.</msg>
<arg>//*[@id="user-name"]</arg>
<arg>standard_user</arg>
<doc>Types the given ``text`` into the text field identified by ``locator``.</doc>
<status status="PASS" start="2026-02-20T08:33:07.682184" elapsed="0.086162"/>
</kw>
<kw name="Input Password" owner="Selenium2Library">
<msg time="2026-02-20T08:33:07.768929" level="INFO">Typing password into text field '//*[@id="password"]'.</msg>
<msg time="2026-02-20T08:33:07.773080" level="INFO">Temporally setting log level to: NONE</msg>
<arg>//*[@id="password"]</arg>
<arg>secret_sauce</arg>
<doc>Types the given password into the text field identified by ``locator``.</doc>
<status status="PASS" start="2026-02-20T08:33:07.768651" elapsed="0.016376"/>
</kw>
<kw name="Click Button" owner="Selenium2Library">
<msg time="2026-02-20T08:33:07.785686" level="INFO">Clicking button '//*[@id="login-button"]'.</msg>
<arg>//*[@id="login-button"]</arg>
<doc>Clicks the button identified by ``locator``.</doc>
<status status="PASS" start="2026-02-20T08:33:07.785342" elapsed="0.086031"/>
</kw>
<kw name="Close Browser" owner="Selenium2Library">
<doc>Closes the current browser.</doc>
<status status="PASS" start="2026-02-20T08:33:07.871637" elapsed="2.655219"/>
</kw>
<status status="PASS" start="2026-02-20T08:33:02.153779" elapsed="8.373353"/>
</test>
<status status="PASS" start="2026-02-20T08:33:02.015951" elapsed="8.514745"/>
</suite>
<status status="PASS" start="2026-02-20T08:33:01.987188" elapsed="8.545686"/>
</suite>
<statistics>
<total>
<stat pass="1" fail="0" skip="0">All Tests</stat>
</total>
<tag>
</tag>
<suite>
<stat name="Robot Framework test" id="s1" pass="1" fail="0" skip="0">Robot Framework test</stat>
<stat name="Cart" id="s1-s1" pass="1" fail="0" skip="0">Robot Framework test.Cart</stat>
</suite>
</statistics>
<errors>
</errors>
</robot>
