<?xml version="1.0" encoding="UTF-8"?>
<robot generator="Robot 7.4.1 (Python 3.13.5 on win32)" generated="2026-02-20T09:04:13.594201" rpa="false" schemaversion="5">
<suite id="s1" name="Robot Framework test" source="C:\Users\TothMarcel\Documents\GitHub\Robot_Framework_test">
<suite id="s1-s1" name="Cart" source="C:\Users\TothMarcel\Documents\GitHub\Robot_Framework_test\cart.robot">
<test id="s1-s1-t1" name="Add multiple products" line="12">
<kw name="Login to SauceDemo">
<kw name="Open Browser" owner="Selenium2Library">
<msg time="2026-02-20T09:04:13.762836" level="INFO">Opening browser 'firefox' to base url 'https://www.saucedemo.com/'.</msg>
<arg>https://www.saucedemo.com/</arg>
<arg>firefox</arg>
<doc>Opens a new browser instance to the optional ``url``.</doc>
<status status="PASS" start="2026-02-20T09:04:13.762580" elapsed="5.550548"/>
</kw>
<kw name="Input Text" owner="Selenium2Library">
<msg time="2026-02-20T09:04:19.313701" level="INFO">Typing text 'standard_user' into text field '//*[@id="user-name"]'.</msg>
<arg>//*[@id="user-name"]</arg>
<arg>standard_user</arg>
<doc>Types the given ``text`` into the text field identified by ``locator``.</doc>
<status status="PASS" start="2026-02-20T09:04:19.313335" elapsed="0.043150"/>
</kw>
<kw name="Input Password" owner="Selenium2Library">
<msg time="2026-02-20T09:04:19.356935" level="INFO">Typing password into text field '//*[@id="password"]'.</msg>
<msg time="2026-02-20T09:04:19.360654" level="INFO">Temporally setting log level to: NONE</msg>
<arg>//*[@id="password"]</arg>
<arg>secret_sauce</arg>
<doc>Types the given password into the text field identified by ``locator``.</doc>
<status status="PASS" start="2026-02-20T09:04:19.356669" elapsed="0.016859"/>
</kw>
<kw name="Click Button" owner="Selenium2Library">
<msg time="2026-02-20T09:04:19.373928" level="INFO">Clicking button '//*[@id="login-button"]'.</msg>
<arg>//*[@id="login-button"]</arg>
<doc>Clicks the button identified by ``locator``.</doc>
<status status="PASS" start="2026-02-20T09:04:19.373689" elapsed="0.078737"/>
</kw>
<status status="PASS" start="2026-02-20T09:04:13.761978" elapsed="5.690668"/>
</kw>
<kw name="Sleep" owner="BuiltIn">
<msg time="2026-02-20T09:04:22.454151" level="INFO">Slept 3 seconds.</msg>
<arg>3s</arg>
<doc>Pauses the test executed for the given time.</doc>
<status status="PASS" start="2026-02-20T09:04:19.452927" elapsed="3.002442"/>
</kw>
<kw name="Click Button" owner="Selenium2Library">
<msg time="2026-02-20T09:04:22.460687" level="INFO">Clicking button '//*[@id="add-to-cart-sauce-labs-bolt-t-shirt"]'.</msg>
<arg>//*[@id="add-to-cart-sauce-labs-bolt-t-shirt"]</arg>
<doc>Clicks the button identified by ``locator``.</doc>
<status status="PASS" start="2026-02-20T09:04:22.458225" elapsed="0.075344"/>
</kw>
<kw name="Sleep" owner="BuiltIn">
<msg time="2026-02-20T09:04:23.536009" level="INFO">Slept 1 second.</msg>
<arg>1s</arg>
<doc>Pauses the test executed for the given time.</doc>
<status status="PASS" start="2026-02-20T09:04:22.534478" elapsed="1.001968"/>
</kw>
<kw name="Click Button" owner="Selenium2Library">
<msg time="2026-02-20T09:04:23.537659" level="INFO">Clicking button '//*[@id="add-to-cart-sauce-labs-fleece-jacket"]'.</msg>
<arg>//*[@id="add-to-cart-sauce-labs-fleece-jacket"]</arg>
<doc>Clicks the button identified by ``locator``.</doc>
<status status="PASS" start="2026-02-20T09:04:23.537170" elapsed="0.067856"/>
</kw>
<kw name="Sleep" owner="BuiltIn">
<msg time="2026-02-20T09:04:24.607916" level="INFO">Slept 1 second.</msg>
<arg>1s</arg>
<doc>Pauses the test executed for the given time.</doc>
<status status="PASS" start="2026-02-20T09:04:23.606164" elapsed="1.002603"/>
</kw>
<kw name="Close Browser" owner="Selenium2Library">
<doc>Closes the current browser.</doc>
<status status="PASS" start="2026-02-20T09:04:24.609930" elapsed="2.653076"/>
</kw>
<status status="PASS" start="2026-02-20T09:04:13.760057" elapsed="13.503346"/>
</test>
<test id="s1-s1-t2" name="Remove products from the shopping cart" line="21">
<kw name="Login to SauceDemo">
<kw name="Open Browser" owner="Selenium2Library">
<msg time="2026-02-20T09:04:27.268690" level="INFO">Opening browser 'firefox' to base url 'https://www.saucedemo.com/'.</msg>
<arg>https://www.saucedemo.com/</arg>
<arg>firefox</arg>
<doc>Opens a new browser instance to the optional ``url``.</doc>
<status status="PASS" start="2026-02-20T09:04:27.268481" elapsed="5.490327"/>
</kw>
<kw name="Input Text" owner="Selenium2Library">
<msg time="2026-02-20T09:04:32.759239" level="INFO">Typing text 'standard_user' into text field '//*[@id="user-name"]'.</msg>
<arg>//*[@id="user-name"]</arg>
<arg>standard_user</arg>
<doc>Types the given ``text`` into the text field identified by ``locator``.</doc>
<status status="PASS" start="2026-02-20T09:04:32.758985" elapsed="0.043648"/>
</kw>
<kw name="Input Password" owner="Selenium2Library">
<msg time="2026-02-20T09:04:32.803209" level="INFO">Typing password into text field '//*[@id="password"]'.</msg>
<msg time="2026-02-20T09:04:32.807079" level="INFO">Temporally setting log level to: NONE</msg>
<arg>//*[@id="password"]</arg>
<arg>secret_sauce</arg>
<doc>Types the given password into the text field identified by ``locator``.</doc>
<status status="PASS" start="2026-02-20T09:04:32.802899" elapsed="0.046011"/>
</kw>
<kw name="Click Button" owner="Selenium2Library">
<msg time="2026-02-20T09:04:32.849308" level="INFO">Clicking button '//*[@id="login-button"]'.</msg>
<arg>//*[@id="login-button"]</arg>
<doc>Clicks the button identified by ``locator``.</doc>
<status status="PASS" start="2026-02-20T09:04:32.849071" elapsed="0.099764"/>
</kw>
<status status="PASS" start="2026-02-20T09:04:27.268160" elapsed="5.680998"/>
</kw>
<kw name="Sleep" owner="BuiltIn">
<msg time="2026-02-20T09:04:35.950967" level="INFO">Slept 3 seconds.</msg>
<arg>3s</arg>
<doc>Pauses the test executed for the given time.</doc>
<status status="PASS" start="2026-02-20T09:04:32.949625" elapsed="3.002112"/>
</kw>
<kw name="Click Button" owner="Selenium2Library">
<msg time="2026-02-20T09:04:35.955745" level="INFO">Clicking button '//*[@id="add-to-cart-sauce-labs-bolt-t-shirt"]'.</msg>
<arg>//*[@id="add-to-cart-sauce-labs-bolt-t-shirt"]</arg>
<doc>Clicks the button identified by ``locator``.</doc>
<status status="PASS" start="2026-02-20T09:04:35.954049" elapsed="0.088442"/>
</kw>
<kw name="Sleep" owner="BuiltIn">
<msg time="2026-02-20T09:04:37.045747" level="INFO">Slept 1 second.</msg>
<arg>1s</arg>
<doc>Pauses the test executed for the given time.</doc>
<status status="PASS" start="2026-02-20T09:04:36.043937" elapsed="1.002527"/>
</kw>
<kw name="Click Button" owner="Selenium2Library">
<msg time="2026-02-20T09:04:37.048745" level="INFO">Clicking button '//*[@id="add-to-cart-sauce-labs-fleece-jacket"]'.</msg>
<arg>//*[@id="add-to-cart-sauce-labs-fleece-jacket"]</arg>
<doc>Clicks the button identified by ``locator``.</doc>
<status status="PASS" start="2026-02-20T09:04:37.047834" elapsed="0.075420"/>
</kw>
<kw name="Sleep" owner="BuiltIn">
<msg time="2026-02-20T09:04:38.125348" level="INFO">Slept 1 second.</msg>
<arg>1s</arg>
<doc>Pauses the test executed for the given time.</doc>
<status status="PASS" start="2026-02-20T09:04:37.124372" elapsed="1.003259"/>
</kw>
<kw name="Click Button" owner="Selenium2Library">
<msg time="2026-02-20T09:04:38.130111" level="INFO">Clicking button '//*[@id="remove-sauce-labs-bolt-t-shirt"]'.</msg>
<arg>//*[@id="remove-sauce-labs-bolt-t-shirt"]</arg>
<doc>Clicks the button identified by ``locator``.</doc>
<status status="PASS" start="2026-02-20T09:04:38.129088" elapsed="0.095863"/>
</kw>
<kw name="Sleep" owner="BuiltIn">
<msg time="2026-02-20T09:04:39.228604" level="INFO">Slept 1 second.</msg>
<arg>1s</arg>
<doc>Pauses the test executed for the given time.</doc>
<status status="PASS" start="2026-02-20T09:04:38.226418" elapsed="1.003294"/>
</kw>
<kw name="Click Button" owner="Selenium2Library">
<msg time="2026-02-20T09:04:39.233296" level="INFO">Clicking button '//*[@id="remove-sauce-labs-fleece-jacket"]'.</msg>
<arg>//*[@id="remove-sauce-labs-fleece-jacket"]</arg>
<doc>Clicks the button identified by ``locator``.</doc>
<status status="PASS" start="2026-02-20T09:04:39.231998" elapsed="0.077085"/>
</kw>
<kw name="Sleep" owner="BuiltIn">
<msg time="2026-02-20T09:04:40.312482" level="INFO">Slept 1 second.</msg>
<arg>1s</arg>
<doc>Pauses the test executed for the given time.</doc>
<status status="PASS" start="2026-02-20T09:04:39.310758" elapsed="1.002928"/>
</kw>
<kw name="Close Browser" owner="Selenium2Library">
<doc>Closes the current browser.</doc>
<status status="PASS" start="2026-02-20T09:04:40.315939" elapsed="2.649292"/>
</kw>
<status status="PASS" start="2026-02-20T09:04:27.266386" elapsed="15.699153"/>
</test>
<test id="s1-s1-t3" name="Check the contents of the shopping cart" line="34">
<kw name="Login to SauceDemo">
<kw name="Open Browser" owner="Selenium2Library">
<msg time="2026-02-20T09:04:42.971763" level="INFO">Opening browser 'firefox' to base url 'https://www.saucedemo.com/'.</msg>
<arg>https://www.saucedemo.com/</arg>
<arg>firefox</arg>
<doc>Opens a new browser instance to the optional ``url``.</doc>
<status status="PASS" start="2026-02-20T09:04:42.971579" elapsed="5.603395"/>
</kw>
<kw name="Input Text" owner="Selenium2Library">
<msg time="2026-02-20T09:04:48.575556" level="INFO">Typing text 'standard_user' into text field '//*[@id="user-name"]'.</msg>
<arg>//*[@id="user-name"]</arg>
<arg>standard_user</arg>
<doc>Types the given ``text`` into the text field identified by ``locator``.</doc>
<status status="PASS" start="2026-02-20T09:04:48.575206" elapsed="0.079697"/>
</kw>
<kw name="Input Password" owner="Selenium2Library">
<msg time="2026-02-20T09:04:48.655448" level="INFO">Typing password into text field '//*[@id="password"]'.</msg>
<msg time="2026-02-20T09:04:48.668677" level="INFO">Temporally setting log level to: NONE</msg>
<arg>//*[@id="password"]</arg>
<arg>secret_sauce</arg>
<doc>Types the given password into the text field identified by ``locator``.</doc>
<status status="PASS" start="2026-02-20T09:04:48.655120" elapsed="0.024988"/>
</kw>
<kw name="Click Button" owner="Selenium2Library">
<msg time="2026-02-20T09:04:48.680520" level="INFO">Clicking button '//*[@id="login-button"]'.</msg>
<arg>//*[@id="login-button"]</arg>
<doc>Clicks the button identified by ``locator``.</doc>
<status status="PASS" start="2026-02-20T09:04:48.680274" elapsed="0.092746"/>
</kw>
<status status="PASS" start="2026-02-20T09:04:42.971317" elapsed="5.801978"/>
</kw>
<kw name="Sleep" owner="BuiltIn">
<msg time="2026-02-20T09:04:51.774706" level="INFO">Slept 3 seconds.</msg>
<arg>3s</arg>
<doc>Pauses the test executed for the given time.</doc>
<status status="PASS" start="2026-02-20T09:04:48.773753" elapsed="3.001214"/>
</kw>
<kw name="Click Button" owner="Selenium2Library">
<msg time="2026-02-20T09:04:51.775665" level="INFO">Clicking button '//*[@id="shopping_cart_container"]'.</msg>
<msg time="2026-02-20T09:04:51.869780" level="INFO" html="true">&lt;/td&gt;&lt;/tr&gt;&lt;tr&gt;&lt;td colspan="3"&gt;&lt;a href="selenium-screenshot-48.png"&gt;&lt;img src="selenium-screenshot-48.png" width="800px"&gt;&lt;/a&gt;</msg>
<msg time="2026-02-20T09:04:51.870089" level="FAIL">Button with locator '//*[@id="shopping_cart_container"]' not found.</msg>
<arg>//*[@id="shopping_cart_container"]</arg>
<doc>Clicks the button identified by ``locator``.</doc>
<status status="FAIL" start="2026-02-20T09:04:51.775328" elapsed="0.100100">Button with locator '//*[@id="shopping_cart_container"]' not found.</status>
</kw>
<kw name="Sleep" owner="BuiltIn">
<arg>1s</arg>
<doc>Pauses the test executed for the given time.</doc>
<status status="NOT RUN" start="2026-02-20T09:04:51.875678" elapsed="0.000100"/>
</kw>
<kw name="Close Browser" owner="Selenium2Library">
<doc>Closes the current browser.</doc>
<status status="NOT RUN" start="2026-02-20T09:04:51.875921" elapsed="0.000076"/>
</kw>
<status status="FAIL" start="2026-02-20T09:04:42.969237" elapsed="8.906931">Button with locator '//*[@id="shopping_cart_container"]' not found.</status>
</test>
<status status="FAIL" start="2026-02-20T09:04:13.622554" elapsed="38.256938"/>
</suite>
<status status="FAIL" start="2026-02-20T09:04:13.597914" elapsed="38.283536"/>
</suite>
<statistics>
<total>
<stat pass="2" fail="1" skip="0">All Tests</stat>
</total>
<tag>
</tag>
<suite>
<stat name="Robot Framework test" id="s1" pass="2" fail="1" skip="0">Robot Framework test</stat>
<stat name="Cart" id="s1-s1" pass="2" fail="1" skip="0">Robot Framework test.Cart</stat>
</suite>
</statistics>
<errors>
</errors>
</robot>
